#
# There is insufficient memory for the Java Runtime Environment to continue.
# Native memory allocation (malloc) failed to allocate 32744 bytes for ChunkPool::allocate
# Possible reasons:
#   The system is out of physical RAM or swap space
#   The process is running with CompressedOops enabled, and the Java Heap may be blocking the growth of the native heap
# Possible solutions:
#   Reduce memory load on the system
#   Increase physical memory or swap space
#   Check if swap backing store is full
#   Decrease Java heap size (-Xmx/-Xms)
#   Decrease number of Java threads
#   Decrease Java thread stack sizes (-Xss)
#   Set larger code cache with -XX:ReservedCodeCacheSize=
#   JVM is running with Unscaled Compressed Oops mode in which the Java heap is
#     placed in the first 4GB address space. The Java Heap base address is the
#     maximum limit for the native heap growth. Please use -XX:HeapBaseMinAddress
#     to set the Java Heap base and to place the Java Heap above 4GB virtual address.
# This output file may be truncated or incomplete.
#
#  Out of Memory Error (allocation.cpp:272), pid=14784, tid=0x00000000000015ac
#
# JRE version: OpenJDK Runtime Environment (8.0_202-b03) (build 1.8.0_202-release-1483-b03)
# Java VM: OpenJDK 64-Bit Server VM (25.202-b03 mixed mode windows-amd64 compressed oops)
# Failed to write core dump. Minidumps are not enabled by default on client versions of Windows
#

---------------  T H R E A D  ---------------

Current thread (0x000000001707e000):  JavaThread "C2 CompilerThread0" daemon [_thread_in_native, id=5548, stack(0x00000000189d0000,0x0000000018ad0000)]

Stack: [0x00000000189d0000,0x0000000018ad0000]
[error occurred during error reporting (printing stack bounds), id 0xc0000005]

Native frames: (J=compiled Java code, j=interpreted, Vv=VM code, C=native code)


Current CompileTask:
C2:   7047 3000   !   4       org.jetbrains.kotlin.metadata.ProtoBuf$Type::<init> (875 bytes)


---------------  P R O C E S S  ---------------

Java Threads: ( => current thread )
  0x0000000018c23800 JavaThread "Service Thread" daemon [_thread_blocked, id=16148, stack(0x00000000190d0000,0x00000000191d0000)]
  0x00000000170ac800 JavaThread "C1 CompilerThread2" daemon [_thread_blocked, id=11868, stack(0x0000000018fd0000,0x00000000190d0000)]
  0x0000000017086800 JavaThread "C2 CompilerThread1" daemon [_thread_in_native, id=13664, stack(0x0000000018ad0000,0x0000000018bd0000)]
=>0x000000001707e000 JavaThread "C2 CompilerThread0" daemon [_thread_in_native, id=5548, stack(0x00000000189d0000,0x0000000018ad0000)]
  0x0000000017076800 JavaThread "Attach Listener" daemon [_thread_blocked, id=9768, stack(0x00000000188d0000,0x00000000189d0000)]
  0x0000000017075800 JavaThread "Signal Dispatcher" daemon [_thread_blocked, id=12280, stack(0x00000000187d0000,0x00000000188d0000)]
  0x0000000017063800 JavaThread "Finalizer" daemon [_thread_blocked, id=6124, stack(0x00000000185f0000,0x00000000186f0000)]
  0x000000001705a000 JavaThread "Reference Handler" daemon [_thread_blocked, id=5424, stack(0x00000000184f0000,0x00000000185f0000)]
  0x000000000215e000 JavaThread "main" [_thread_in_native, id=11848, stack(0x0000000002260000,0x0000000002360000)]

Other Threads:
  0x0000000017037000 VMThread [stack: 0x00000000183f0000,0x00000000184f0000] [id=8992]
  0x0000000018c24000 WatcherThread [stack: 0x00000000191d0000,0x00000000192d0000] [id=15820]

VM state:not at safepoint (normal execution)

VM Mutex/Monitor currently owned by a thread: None

heap address: 0x0000000082000000, size: 2016 MB, Compressed Oops mode: 32-bit
Narrow klass base: 0x0000000000000000, Narrow klass shift: 3
Compressed class space size: 1073741824 Address: 0x0000000100000000

Heap:
 PSYoungGen      total 61440K, used 33524K [0x00000000d6000000, 0x00000000dba80000, 0x0000000100000000)
  eden space 56320K, 59% used [0x00000000d6000000,0x00000000d80bd1d0,0x00000000d9700000)
  from space 5120K, 0% used [0x00000000da500000,0x00000000da500000,0x00000000daa00000)
  to   space 14336K, 0% used [0x00000000d9700000,0x00000000d9700000,0x00000000da500000)
 ParOldGen       total 64512K, used 17363K [0x0000000082000000, 0x0000000085f00000, 0x00000000d6000000)
  object space 64512K, 26% used [0x0000000082000000,0x00000000830f4d48,0x0000000085f00000)
 Metaspace       used 35829K, capacity 36378K, committed 36648K, reserved 1081344K
  class space    used 4544K, capacity 4684K, committed 4784K, reserved 1048576K

Card table byte_map: [0x0000000011820000,0x0000000011c20000] byte_map_base: 0x0000000011410000

Marking Bits: (ParMarkBitMap*) 0x0000000061a69f30
 Begin Bits: [0x00000000123c0000, 0x0000000014340000)
 End Bits:   [0x0000000014340000, 0x00000000162c0000)

Polling page: 0x0000000001f50000

CodeCache: size=245760Kb used=9383Kb max_used=9383Kb free=236376Kb
 bounds [0x0000000002460000, 0x0000000002da0000, 0x0000000011460000]
 total_blobs=3549 nmethods=3114 adapters=348
 compilation: enabled

Compilation events (10 events):
Event: 6.964 Thread 0x00000000170ac800 nmethod 3082 0x0000000002d66090 code [0x0000000002d661e0, 0x0000000002d66370]
Event: 6.964 Thread 0x00000000170ac800 3083       2       org.jetbrains.kotlin.metadata.jvm.JvmProtoBuf$JvmMethodSignature::access$2002 (7 bytes)
Event: 6.964 Thread 0x00000000170ac800 nmethod 3083 0x0000000002d66410 code [0x0000000002d66560, 0x0000000002d66690]
Event: 6.964 Thread 0x00000000170ac800 3084       2       org.jetbrains.kotlin.metadata.jvm.JvmProtoBuf$JvmMethodSignature::access$2102 (7 bytes)
Event: 6.964 Thread 0x00000000170ac800 nmethod 3084 0x0000000002d66750 code [0x0000000002d668a0, 0x0000000002d669d0]
Event: 6.964 Thread 0x00000000170ac800 3085       2       org.jetbrains.kotlin.metadata.jvm.JvmProtoBuf$JvmMethodSignature::access$2202 (7 bytes)
Event: 6.964 Thread 0x00000000170ac800 nmethod 3085 0x0000000002d66a90 code [0x0000000002d66be0, 0x0000000002d66d10]
Event: 6.965 Thread 0x00000000170ac800 3087       2       org.jetbrains.kotlin.serialization.deserialization.AnnotationDeserializer::<init> (29 bytes)
Event: 6.965 Thread 0x00000000170ac800 nmethod 3087 0x0000000002d66dd0 code [0x0000000002d66f40, 0x0000000002d67138]
Event: 6.966 Thread 0x00000000170ac800 3088       2       org.jetbrains.kotlin.serialization.deserialization.DeserializationContext::<init> (177 bytes)

GC Heap History (10 events):
Event: 1.170 GC heap before
{Heap before GC invocations=4 (full 1):
 PSYoungGen      total 37888K, used 5089K [0x00000000d6000000, 0x00000000daa00000, 0x0000000100000000)
  eden space 32768K, 0% used [0x00000000d6000000,0x00000000d6000000,0x00000000d8000000)
  from space 5120K, 99% used [0x00000000d8000000,0x00000000d84f8458,0x00000000d8500000)
  to   space 5120K, 0% used [0x00000000da500000,0x00000000da500000,0x00000000daa00000)
 ParOldGen       total 86016K, used 11381K [0x0000000082000000, 0x0000000087400000, 0x00000000d6000000)
  object space 86016K, 13% used [0x0000000082000000,0x0000000082b1d4a8,0x0000000087400000)
 Metaspace       used 20757K, capacity 21168K, committed 21296K, reserved 1069056K
  class space    used 2469K, capacity 2596K, committed 2608K, reserved 1048576K
Event: 1.195 GC heap after
Heap after GC invocations=4 (full 1):
 PSYoungGen      total 37888K, used 0K [0x00000000d6000000, 0x00000000daa00000, 0x0000000100000000)
  eden space 32768K, 0% used [0x00000000d6000000,0x00000000d6000000,0x00000000d8000000)
  from space 5120K, 0% used [0x00000000d8000000,0x00000000d8000000,0x00000000d8500000)
  to   space 5120K, 0% used [0x00000000da500000,0x00000000da500000,0x00000000daa00000)
 ParOldGen       total 64512K, used 8947K [0x0000000082000000, 0x0000000085f00000, 0x00000000d6000000)
  object space 64512K, 13% used [0x0000000082000000,0x00000000828bcdf8,0x0000000085f00000)
 Metaspace       used 20757K, capacity 21168K, committed 21296K, reserved 1069056K
  class space    used 2469K, capacity 2596K, committed 2608K, reserved 1048576K
}
Event: 4.670 GC heap before
{Heap before GC invocations=5 (full 1):
 PSYoungGen      total 37888K, used 32768K [0x00000000d6000000, 0x00000000daa00000, 0x0000000100000000)
  eden space 32768K, 100% used [0x00000000d6000000,0x00000000d8000000,0x00000000d8000000)
  from space 5120K, 0% used [0x00000000d8000000,0x00000000d8000000,0x00000000d8500000)
  to   space 5120K, 0% used [0x00000000da500000,0x00000000da500000,0x00000000daa00000)
 ParOldGen       total 64512K, used 8947K [0x0000000082000000, 0x0000000085f00000, 0x00000000d6000000)
  object space 64512K, 13% used [0x0000000082000000,0x00000000828bcdf8,0x0000000085f00000)
 Metaspace       used 24056K, capacity 24548K, committed 24880K, reserved 1071104K
  class space    used 2885K, capacity 3026K, committed 3120K, reserved 1048576K
Event: 4.676 GC heap after
Heap after GC invocations=5 (full 1):
 PSYoungGen      total 51200K, used 5097K [0x00000000d6000000, 0x00000000daa00000, 0x0000000100000000)
  eden space 46080K, 0% used [0x00000000d6000000,0x00000000d6000000,0x00000000d8d00000)
  from space 5120K, 99% used [0x00000000da500000,0x00000000da9fa550,0x00000000daa00000)
  to   space 5120K, 0% used [0x00000000da000000,0x00000000da000000,0x00000000da500000)
 ParOldGen       total 64512K, used 11373K [0x0000000082000000, 0x0000000085f00000, 0x00000000d6000000)
  object space 64512K, 17% used [0x0000000082000000,0x0000000082b1b6e0,0x0000000085f00000)
 Metaspace       used 24056K, capacity 24548K, committed 24880K, reserved 1071104K
  class space    used 2885K, capacity 3026K, committed 3120K, reserved 1048576K
}
Event: 5.138 GC heap before
{Heap before GC invocations=6 (full 1):
 PSYoungGen      total 51200K, used 51177K [0x00000000d6000000, 0x00000000daa00000, 0x0000000100000000)
  eden space 46080K, 100% used [0x00000000d6000000,0x00000000d8d00000,0x00000000d8d00000)
  from space 5120K, 99% used [0x00000000da500000,0x00000000da9fa550,0x00000000daa00000)
  to   space 5120K, 0% used [0x00000000da000000,0x00000000da000000,0x00000000da500000)
 ParOldGen       total 64512K, used 11373K [0x0000000082000000, 0x0000000085f00000, 0x00000000d6000000)
  object space 64512K, 17% used [0x0000000082000000,0x0000000082b1b6e0,0x0000000085f00000)
 Metaspace       used 31337K, capacity 31754K, committed 32176K, reserved 1077248K
  class space    used 3997K, capacity 4154K, committed 4272K, reserved 1048576K
Event: 5.148 GC heap after
Heap after GC invocations=6 (full 1):
 PSYoungGen      total 51200K, used 5090K [0x00000000d6000000, 0x00000000daa00000, 0x0000000100000000)
  eden space 46080K, 0% used [0x00000000d6000000,0x00000000d6000000,0x00000000d8d00000)
  from space 5120K, 99% used [0x00000000da000000,0x00000000da4f8918,0x00000000da500000)
  to   space 5120K, 0% used [0x00000000da500000,0x00000000da500000,0x00000000daa00000)
 ParOldGen       total 64512K, used 21941K [0x0000000082000000, 0x0000000085f00000, 0x00000000d6000000)
  object space 64512K, 34% used [0x0000000082000000,0x000000008356d648,0x0000000085f00000)
 Metaspace       used 31337K, capacity 31754K, committed 32176K, reserved 1077248K
  class space    used 3997K, capacity 4154K, committed 4272K, reserved 1048576K
}
Event: 6.184 GC heap before
{Heap before GC invocations=7 (full 1):
 PSYoungGen      total 51200K, used 19800K [0x00000000d6000000, 0x00000000daa00000, 0x0000000100000000)
  eden space 46080K, 31% used [0x00000000d6000000,0x00000000d6e5d818,0x00000000d8d00000)
  from space 5120K, 99% used [0x00000000da000000,0x00000000da4f8918,0x00000000da500000)
  to   space 5120K, 0% used [0x00000000da500000,0x00000000da500000,0x00000000daa00000)
 ParOldGen       total 64512K, used 21941K [0x0000000082000000, 0x0000000085f00000, 0x00000000d6000000)
  object space 64512K, 34% used [0x0000000082000000,0x000000008356d648,0x0000000085f00000)
 Metaspace       used 34763K, capacity 35252K, committed 35496K, reserved 1081344K
  class space    used 4449K, capacity 4587K, committed 4656K, reserved 1048576K
Event: 6.190 GC heap after
Heap after GC invocations=7 (full 1):
 PSYoungGen      total 61440K, used 5099K [0x00000000d6000000, 0x00000000dba80000, 0x0000000100000000)
  eden space 56320K, 0% used [0x00000000d6000000,0x00000000d6000000,0x00000000d9700000)
  from space 5120K, 99% used [0x00000000da500000,0x00000000da9fadd8,0x00000000daa00000)
  to   space 14336K, 0% used [0x00000000d9700000,0x00000000d9700000,0x00000000da500000)
 ParOldGen       total 64512K, used 25678K [0x0000000082000000, 0x0000000085f00000, 0x00000000d6000000)
  object space 64512K, 39% used [0x0000000082000000,0x0000000083913a38,0x0000000085f00000)
 Metaspace       used 34763K, capacity 35252K, committed 35496K, reserved 1081344K
  class space    used 4449K, capacity 4587K, committed 4656K, reserved 1048576K
}
Event: 6.190 GC heap before
{Heap before GC invocations=8 (full 2):
 PSYoungGen      total 61440K, used 5099K [0x00000000d6000000, 0x00000000dba80000, 0x0000000100000000)
  eden space 56320K, 0% used [0x00000000d6000000,0x00000000d6000000,0x00000000d9700000)
  from space 5120K, 99% used [0x00000000da500000,0x00000000da9fadd8,0x00000000daa00000)
  to   space 14336K, 0% used [0x00000000d9700000,0x00000000d9700000,0x00000000da500000)
 ParOldGen       total 64512K, used 25678K [0x0000000082000000, 0x0000000085f00000, 0x00000000d6000000)
  object space 64512K, 39% used [0x0000000082000000,0x0000000083913a38,0x0000000085f00000)
 Metaspace       used 34763K, capacity 35252K, committed 35496K, reserved 1081344K
  class space    used 4449K, capacity 4587K, committed 4656K, reserved 1048576K
Event: 6.241 GC heap after
Heap after GC invocations=8 (full 2):
 PSYoungGen      total 61440K, used 0K [0x00000000d6000000, 0x00000000dba80000, 0x0000000100000000)
  eden space 56320K, 0% used [0x00000000d6000000,0x00000000d6000000,0x00000000d9700000)
  from space 5120K, 0% used [0x00000000da500000,0x00000000da500000,0x00000000daa00000)
  to   space 14336K, 0% used [0x00000000d9700000,0x00000000d9700000,0x00000000da500000)
 ParOldGen       total 64512K, used 17363K [0x0000000082000000, 0x0000000085f00000, 0x00000000d6000000)
  object space 64512K, 26% used [0x0000000082000000,0x00000000830f4d48,0x0000000085f00000)
 Metaspace       used 34763K, capacity 35252K, committed 35496K, reserved 1081344K
  class space    used 4449K, capacity 4587K, committed 4656K, reserved 1048576K
}

Deoptimization events (10 events):
Event: 6.621 Thread 0x000000000215e000 Uncommon trap: reason=unstable_if action=reinterpret pc=0x000000000257aa84 method=org.jetbrains.org.objectweb.asm.ClassReader.readUtf(II[C)Ljava/lang/String; @ 41
Event: 6.627 Thread 0x000000000215e000 Uncommon trap: reason=bimorphic action=maybe_recompile pc=0x0000000002a23338 method=org.jetbrains.kotlin.protobuf.CodedInputStream.tryRefillBuffer(I)Z @ 177
Event: 6.628 Thread 0x000000000215e000 Uncommon trap: reason=bimorphic action=maybe_recompile pc=0x0000000002a23338 method=org.jetbrains.kotlin.protobuf.CodedInputStream.tryRefillBuffer(I)Z @ 177
Event: 6.628 Thread 0x000000000215e000 Uncommon trap: reason=bimorphic action=maybe_recompile pc=0x0000000002a23338 method=org.jetbrains.kotlin.protobuf.CodedInputStream.tryRefillBuffer(I)Z @ 177
Event: 6.628 Thread 0x000000000215e000 Uncommon trap: reason=bimorphic action=maybe_recompile pc=0x0000000002a23338 method=org.jetbrains.kotlin.protobuf.CodedInputStream.tryRefillBuffer(I)Z @ 177
Event: 6.630 Thread 0x000000000215e000 Uncommon trap: reason=bimorphic action=maybe_recompile pc=0x0000000002a1f1e0 method=org.jetbrains.kotlin.protobuf.CodedInputStream.tryRefillBuffer(I)Z @ 177
Event: 6.831 Thread 0x000000000215e000 Uncommon trap: reason=class_check action=maybe_recompile pc=0x0000000002cd46fc method=org.jetbrains.kotlin.load.java.structure.impl.classFiles.BinaryClassSignatureParser.parseParameterizedClassRefSignature(Ljava/text/CharacterIterator;Lorg/jetbrains/kotli
Event: 6.831 Thread 0x000000000215e000 Uncommon trap: reason=class_check action=maybe_recompile pc=0x0000000002cd46fc method=org.jetbrains.kotlin.load.java.structure.impl.classFiles.BinaryClassSignatureParser.parseParameterizedClassRefSignature(Ljava/text/CharacterIterator;Lorg/jetbrains/kotli
Event: 6.831 Thread 0x000000000215e000 Uncommon trap: reason=class_check action=maybe_recompile pc=0x0000000002cd46fc method=org.jetbrains.kotlin.load.java.structure.impl.classFiles.BinaryClassSignatureParser.parseParameterizedClassRefSignature(Ljava/text/CharacterIterator;Lorg/jetbrains/kotli
Event: 6.853 Thread 0x000000000215e000 Uncommon trap: reason=class_check action=maybe_recompile pc=0x0000000002cd46fc method=org.jetbrains.kotlin.load.java.structure.impl.classFiles.BinaryClassSignatureParser.parseParameterizedClassRefSignature(Ljava/text/CharacterIterator;Lorg/jetbrains/kotli

Classes redefined (0 events):
No events

Internal exceptions (10 events):
Event: 0.588 Thread 0x000000000215e000 Exception <a 'java/lang/ArrayIndexOutOfBoundsException'> (0x00000000d6495e28) thrown at [D:\src\AOSP-openjdk-cygwin\jdk8u\hotspot\src\share\vm\runtime\sharedRuntime.cpp, line 605]
Event: 0.894 Thread 0x000000000215e000 Implicit null exception at 0x000000000271c56f to 0x000000000271c5d9
Event: 0.945 Thread 0x000000000215e000 Exception <a 'java/lang/NoSuchMethodError': java.lang.Object.lambda$comparing$77a9974f$1(Ljava/util/function/Function;Ljava/lang/Object;Ljava/lang/Object;)I> (0x00000000d601a3d0) thrown at [D:\src\AOSP-openjdk-cygwin\jdk8u\hotspot\src\share\vm\interpreter
Event: 0.957 Thread 0x000000000215e000 Exception <a 'java/lang/NoSuchMethodError': java.lang.Object.lambda$static$0()J> (0x00000000d614e5f8) thrown at [D:\src\AOSP-openjdk-cygwin\jdk8u\hotspot\src\share\vm\interpreter\linkResolver.cpp, line 620]
Event: 1.058 Thread 0x000000000215e000 Exception <a 'java/lang/NoSuchMethodError': java.lang.Object.lambda$static$0(I)[Lorg/jetbrains/kotlin/com/intellij/openapi/editor/event/DocumentListener;> (0x00000000d68d0320) thrown at [D:\src\AOSP-openjdk-cygwin\jdk8u\hotspot\src\share\vm\interpreter\li
Event: 1.080 Thread 0x000000000215e000 Exception <a 'java/lang/NoSuchMethodError': java.lang.Object.lambda$static$0(I)[Lorg/jetbrains/kotlin/com/intellij/psi/PsiAnnotation;> (0x00000000d6af7850) thrown at [D:\src\AOSP-openjdk-cygwin\jdk8u\hotspot\src\share\vm\interpreter\linkResolver.cpp, line
Event: 1.146 Thread 0x000000000215e000 Exception <a 'java/lang/NoSuchMethodError': java.lang.Object.lambda$static$0(I)[Lorg/jetbrains/kotlin/com/intellij/psi/PsiElement;> (0x00000000d7099a80) thrown at [D:\src\AOSP-openjdk-cygwin\jdk8u\hotspot\src\share\vm\interpreter\linkResolver.cpp, line 62
Event: 4.808 Thread 0x000000000215e000 Exception <a 'java/lang/ArrayIndexOutOfBoundsException': 126> (0x00000000d6bdf840) thrown at [D:\src\AOSP-openjdk-cygwin\jdk8u\hotspot\src\share\vm\interpreter\interpreterRuntime.cpp, line 368]
Event: 4.809 Thread 0x000000000215e000 Exception <a 'java/lang/ArrayIndexOutOfBoundsException': 86> (0x00000000d6be0cc8) thrown at [D:\src\AOSP-openjdk-cygwin\jdk8u\hotspot\src\share\vm\interpreter\interpreterRuntime.cpp, line 368]
Event: 5.355 Thread 0x000000000215e000 Exception <a 'java/lang/NoSuchMethodError': java.lang.Object.lambda$static$0(I)[Lorg/jetbrains/kotlin/psi/KtExpression;> (0x00000000d66543c8) thrown at [D:\src\AOSP-openjdk-cygwin\jdk8u\hotspot\src\share\vm\interpreter\linkResolver.cpp, line 620]

Events (10 events):
Event: 6.860 loading class org/jetbrains/kotlin/types/TypeSubstitutor$SubstitutionException
Event: 6.860 loading class org/jetbrains/kotlin/types/TypeSubstitutor$SubstitutionException done
Event: 6.860 loading class org/jetbrains/kotlin/resolve/scopes/SubstitutingScope
Event: 6.860 loading class org/jetbrains/kotlin/resolve/scopes/SubstitutingScope done
Event: 6.861 loading class org/jetbrains/kotlin/resolve/calls/inference/CapturedTypeConstructorKt
Event: 6.861 loading class org/jetbrains/kotlin/resolve/calls/inference/CapturedTypeConstructorKt done
Event: 6.861 loading class org/jetbrains/kotlin/resolve/scopes/SubstitutingScope$_allDescriptors$2
Event: 6.861 loading class org/jetbrains/kotlin/resolve/scopes/SubstitutingScope$_allDescriptors$2 done
Event: 6.942 loading class org/jetbrains/kotlin/metadata/ProtoBuf$1
Event: 6.942 loading class org/jetbrains/kotlin/metadata/ProtoBuf$1 done


Dynamic libraries:
0x00007ff7a2400000 - 0x00007ff7a2431000 	D:\Android\android-studio\jre\jre\bin\java.exe
0x00007fff39500000 - 0x00007fff396c2000 	C:\WINDOWS\SYSTEM32\ntdll.dll
0x00007fff387e0000 - 0x00007fff3888d000 	C:\WINDOWS\system32\KERNEL32.DLL
0x00007fff36960000 - 0x00007fff36b3d000 	C:\WINDOWS\system32\KERNELBASE.dll
0x00007fff38890000 - 0x00007fff38936000 	C:\WINDOWS\system32\ADVAPI32.dll
0x00007fff38a20000 - 0x00007fff38abd000 	C:\WINDOWS\system32\msvcrt.dll
0x00007fff390b0000 - 0x00007fff3910b000 	C:\WINDOWS\system32\sechost.dll
0x00007fff38c90000 - 0x00007fff38db6000 	C:\WINDOWS\system32\RPCRT4.dll
0x00007fff36d50000 - 0x00007fff36e9e000 	C:\WINDOWS\system32\USER32.dll
0x00007fff38dc0000 - 0x00007fff38f45000 	C:\WINDOWS\system32\GDI32.dll
0x00007fff2c320000 - 0x00007fff2c594000 	C:\WINDOWS\WinSxS\amd64_microsoft.windows.common-controls_6595b64144ccf1df_6.0.10240.16384_none_f41f7b285750ef43\COMCTL32.dll
0x00007fff37140000 - 0x00007fff37176000 	C:\WINDOWS\system32\IMM32.DLL
0x00007fff38f50000 - 0x00007fff390ac000 	C:\WINDOWS\system32\MSCTF.dll
0x00000000611c0000 - 0x0000000061292000 	D:\Android\android-studio\jre\jre\bin\msvcr100.dll
0x00000000612a0000 - 0x0000000061ae6000 	D:\Android\android-studio\jre\jre\bin\server\jvm.dll
0x00007fff38c80000 - 0x00007fff38c88000 	C:\WINDOWS\system32\PSAPI.DLL
0x00007fff2aab0000 - 0x00007fff2aab9000 	C:\WINDOWS\SYSTEM32\WSOCK32.dll
0x00007fff27e80000 - 0x00007fff27ea3000 	C:\WINDOWS\SYSTEM32\WINMM.dll
0x00007fff38ac0000 - 0x00007fff38b29000 	C:\WINDOWS\system32\WS2_32.dll
0x00007fff39110000 - 0x00007fff39118000 	C:\WINDOWS\system32\NSI.dll
0x00007fff342d0000 - 0x00007fff342da000 	C:\WINDOWS\SYSTEM32\VERSION.dll
0x00007fff276a0000 - 0x00007fff276cc000 	C:\WINDOWS\SYSTEM32\WINMMBASE.dll
0x00007fff36680000 - 0x00007fff366c4000 	C:\WINDOWS\system32\cfgmgr32.dll
0x00007fff347d0000 - 0x00007fff347f7000 	C:\WINDOWS\SYSTEM32\DEVOBJ.dll
0x00007fff34340000 - 0x00007fff3434f000 	D:\Android\android-studio\jre\jre\bin\verify.dll
0x00007fff2e4a0000 - 0x00007fff2e4c9000 	D:\Android\android-studio\jre\jre\bin\java.dll
0x00007fff2e380000 - 0x00007fff2e396000 	D:\Android\android-studio\jre\jre\bin\zip.dll
0x00007fff372b0000 - 0x00007fff387d5000 	C:\WINDOWS\system32\SHELL32.dll
0x00007fff35fa0000 - 0x00007fff365c8000 	C:\WINDOWS\system32\windows.storage.dll
0x00007fff39130000 - 0x00007fff393ac000 	C:\WINDOWS\system32\combase.dll
0x00007fff37180000 - 0x00007fff371d1000 	C:\WINDOWS\system32\shlwapi.dll
0x00007fff35f00000 - 0x00007fff35f0f000 	C:\WINDOWS\system32\kernel.appcore.dll
0x00007fff366d0000 - 0x00007fff36783000 	C:\WINDOWS\system32\shcore.dll
0x00007fff35f10000 - 0x00007fff35f5a000 	C:\WINDOWS\system32\powrprof.dll
0x00007fff35f60000 - 0x00007fff35f73000 	C:\WINDOWS\system32\profapi.dll
0x00007fff2e360000 - 0x00007fff2e37a000 	D:\Android\android-studio\jre\jre\bin\net.dll
0x00007fff35770000 - 0x00007fff357cd000 	C:\WINDOWS\system32\mswsock.dll
0x00007fff2e340000 - 0x00007fff2e351000 	D:\Android\android-studio\jre\jre\bin\nio.dll

VM Arguments:
java_command: org.jetbrains.kotlin.cli.jvm.K2JVMCompiler -Xallow-no-source-files -classpath C:\Users\admin.AWS-TECH007325\.gradle\caches\modules-2\files-2.1\org.jetbrains.kotlin\kotlin-android-extensions-runtime\1.3.50\bec16087637a7cafe54894e73d38037977cb30d2\kotlin-android-extensions-runtime-1.3.50.jar;C:\Users\admin.AWS-TECH007325\.gradle\caches\modules-2\files-2.1\org.jetbrains.kotlin\kotlin-stdlib-jdk7\1.3.50\50ad05ea1c2595fb31b800e76db464d08d599af3\kotlin-stdlib-jdk7-1.3.50.jar;C:\Users\admin.AWS-TECH007325\.gradle\caches\transforms-2\files-2.1\e9e28303271675cf1ee0fa098d9bf192\core-ktx-1.1.0\jars\classes.jar;C:\Users\admin.AWS-TECH007325\.gradle\caches\transforms-2\files-2.1\89b7e7e623dcac2a630c0c7fe3f4ac25\navigation-fragment-ktx-2.0.0\jars\classes.jar;C:\Users\admin.AWS-TECH007325\.gradle\caches\transforms-2\files-2.1\f691a5f0534c60600bda97dbcfbb25a3\navigation-ui-ktx-2.0.0\jars\classes.jar;C:\Users\admin.AWS-TECH007325\.gradle\caches\transforms-2\files-2.1\338e6400386e3410d57cb8c6492d316e\navigation-runtime-ktx-2.0.0\jars\classes.jar;C:\Users\admin.AWS-TECH007325\.gradle\caches\transforms-2\files-2.1\d8167d195a558cf3e03368825532c8ce\navigation-common-ktx-2.0.0\jars\classes.jar;C:\Users\admin.AWS-TECH007325\.gradle\caches\modules-2\files-2.1\org.jetbrains.kotlin\kotlin-stdlib\1.3.50\b529d1738c7e98bbfa36a4134039528f2ce78ebf\kotlin-stdlib-1.3.50.jar;C:\Users\admin.AWS-TECH007325\.gradle\caches\modules-2\files-2.1\org.jetbrains.kotlin\kotlin-stdlib-common\1.3.50\3d9cd3e1bc7b92e95f43d45be3bfbcf38e36ab87\kotlin-stdlib-common-1.3.50.jar;C:\Users\admin.AWS-TECH007325\.gradle\caches\modules-2\files-2.1\org.jetbrains\annotations\13.0\919f0dfe192fb4e063e7dacadee7f8bb9a2672a9\annotations-13.0.jar;C:\Users\admin.AWS-TECH007325\.gradle\caches\transforms-2\files-2.1\8d31dfafd7fc69611eb0617920d933aa\jetified-navigation-ui-2.0.0\jars\classes.jar;C:\Users\admin.AWS-TECH007325\.gradle\caches\transforms-2\files-2.1\f4cc650857ca7115336c32e42c84fc6f\material-1.0.0\jars\classes.
java_class_path (initial): C:\Users\admin.AWS-TECH007325\.gradle\caches\modules-2\files-2.1\org.jetbrains.kotlin\kotlin-compiler-embeddable\1.3.50\1251c1768e5769b06c2487d6f6cf8acf6efb8960\kotlin-compiler-embeddable-1.3.50.jar;C:\Users\admin.AWS-TECH007325\.gradle\caches\modules-2\files-2.1\org.jetbrains.kotlin\kotlin-reflect\1.3.50\b499f22fd7c3e9c2e5b6c4005221fa47fc7f9a7a\kotlin-reflect-1.3.50.jar;C:\Users\admin.AWS-TECH007325\.gradle\caches\modules-2\files-2.1\org.jetbrains.kotlin\kotlin-stdlib\1.3.50\b529d1738c7e98bbfa36a4134039528f2ce78ebf\kotlin-stdlib-1.3.50.jar;C:\Users\admin.AWS-TECH007325\.gradle\caches\modules-2\files-2.1\org.jetbrains.kotlin\kotlin-script-runtime\1.3.50\59492b8dfb92522ba0ddb5dd1c4d0ef0a4fca1af\kotlin-script-runtime-1.3.50.jar;C:\Users\admin.AWS-TECH007325\.gradle\caches\modules-2\files-2.1\org.jetbrains.kotlin\kotlin-daemon-embeddable\1.3.50\5cb93bb33f4c6f833ead0beca4c831668e00cf52\kotlin-daemon-embeddable-1.3.50.jar;C:\Users\admin.AWS-TECH007325\.gradle\caches\modules-2\files-2.1\org.jetbrains.intellij.deps\trove4j\1.0.20181211\216c2e14b070f334479d800987affe4054cd563f\trove4j-1.0.20181211.jar;C:\Users\admin.AWS-TECH007325\.gradle\caches\modules-2\files-2.1\org.jetbrains.kotlin\kotlin-stdlib-common\1.3.50\3d9cd3e1bc7b92e95f43d45be3bfbcf38e36ab87\kotlin-stdlib-common-1.3.50.jar;C:\Users\admin.AWS-TECH007325\.gradle\caches\modules-2\files-2.1\org.jetbrains\annotations\13.0\919f0dfe192fb4e063e7dacadee7f8bb9a2672a9\annotations-13.0.jar;D:\Android\android-studio\jre\lib\tools.jar
Launcher Type: SUN_STANDARD

Environment Variables:
PATH=C:\ProgramData\Oracle\Java\javapath;C:\WINDOWS\system32;C:\WINDOWS;C:\WINDOWS\System32\Wbem;C:\WINDOWS\System32\WindowsPowerShell\v1.0\;C:\Program Files\Git\cmd;C:\Flutter\flutter sdk\flutter\bin;D:\KBZ_Projects\Sdk\tools;D:\KBZ_Projects\Sdk\platform-tools;D:\KBZ_Projects\Sdk\emulator;flutter\bin
USERNAME=admin
OS=Windows_NT
PROCESSOR_IDENTIFIER=Intel64 Family 6 Model 142 Stepping 10, GenuineIntel



---------------  S Y S T E M  ---------------

OS: Windows 10.0 , 64 bit Build 10240 (10.0.10240.16384)

CPU:total 5 (initial active 5) (4 cores per cpu, 2 threads per core) family 6 model 142 stepping 10, cmov, cx8, fxsr, mmx, sse, sse2, sse3, ssse3, sse4.1, sse4.2, popcnt, avx, avx2, aes, clmul, erms, 3dnowpref, lzcnt, ht, tsc, tscinvbit, bmi1, bmi2, adx

Memory: 4k page, physical 8250440k(325576k free), swap 11322440k(756k free)

vm_info: OpenJDK 64-Bit Server VM (25.202-b03) for windows-amd64 JRE (1.8.0_202-release-1483-b03), built by "builder" with MS VC++ 10.0 (VS2010)

time: Thu Jan 02 10:40:31 2020
timezone: Myanmar Standard Time
elapsed time: 7 seconds (0d 0h 0m 7s)

